--------------------------------------------------------------------------------
Release 14.7 Trace  (nt64)
Copyright (c) 1995-2013 Xilinx, Inc.  All rights reserved.

C:\Xilinx\14.7\ISE_DS\ISE\bin\nt64\unwrapped\trce.exe -intstyle ise -v 3 -s 5
-n 3 -fastpaths -xml carryLookAheadAdder.twx carryLookAheadAdder.ncd -o
carryLookAheadAdder.twr carryLookAheadAdder.pcf

Design file:              carryLookAheadAdder.ncd
Physical constraint file: carryLookAheadAdder.pcf
Device,package,speed:     xc3s100e,vq100,-5 (PRODUCTION 1.27 2013-10-13)
Report level:             verbose report

Environment Variable      Effect 
--------------------      ------ 
NONE                      No environment variables were set
--------------------------------------------------------------------------------

INFO:Timing:2698 - No timing constraints found, doing default enumeration.
INFO:Timing:3412 - To improve timing, see the Timing Closure User Guide (UG612).
INFO:Timing:2752 - To get complete path coverage, use the unconstrained paths 
   option. All paths that are not constrained will be reported in the 
   unconstrained paths section(s) of the report.
INFO:Timing:3339 - The clock-to-out numbers in this timing report are based on 
   a 50 Ohm transmission line loading model.  For the details of this model, 
   and for more information on accounting for different loading conditions, 
   please see the device datasheet.
INFO:Timing:3390 - This architecture does not support a default System Jitter 
   value, please add SYSTEM_JITTER constraint to the UCF to modify the Clock 
   Uncertainty calculation.
INFO:Timing:3389 - This architecture does not support 'Discrete Jitter' and 
   'Phase Error' calculations, these terms will be zero in the Clock 
   Uncertainty calculation.  Please make appropriate modification to 
   SYSTEM_JITTER to account for the unsupported Discrete Jitter and Phase 
   Error.



Data Sheet report:
-----------------
All values displayed in nanoseconds (ns)

Pad to Pad
---------------+---------------+---------+
Source Pad     |Destination Pad|  Delay  |
---------------+---------------+---------+
a<0>           |cout           |    8.356|
a<0>           |sum<0>         |    6.582|
a<0>           |sum<1>         |    6.920|
a<0>           |sum<2>         |    7.768|
a<0>           |sum<3>         |    8.565|
a<0>           |sum<4>         |    8.864|
a<1>           |cout           |    7.230|
a<1>           |sum<1>         |    6.758|
a<1>           |sum<2>         |    6.454|
a<1>           |sum<3>         |    7.658|
a<1>           |sum<4>         |    7.957|
a<2>           |cout           |    7.839|
a<2>           |sum<2>         |    6.941|
a<2>           |sum<3>         |    7.528|
a<2>           |sum<4>         |    7.827|
a<3>           |cout           |    6.637|
a<3>           |sum<3>         |    6.436|
a<3>           |sum<4>         |    6.872|
a<4>           |cout           |    5.992|
a<4>           |sum<4>         |    6.840|
b<0>           |cout           |    7.873|
b<0>           |sum<0>         |    6.072|
b<0>           |sum<1>         |    6.448|
b<0>           |sum<2>         |    7.285|
b<0>           |sum<3>         |    8.082|
b<0>           |sum<4>         |    8.381|
b<1>           |cout           |    6.818|
b<1>           |sum<1>         |    6.495|
b<1>           |sum<2>         |    6.105|
b<1>           |sum<3>         |    7.242|
b<1>           |sum<4>         |    7.541|
b<2>           |cout           |    7.711|
b<2>           |sum<2>         |    6.813|
b<2>           |sum<3>         |    7.427|
b<2>           |sum<4>         |    7.726|
b<3>           |cout           |    6.187|
b<3>           |sum<3>         |    6.578|
b<3>           |sum<4>         |    7.052|
b<4>           |cout           |    6.146|
b<4>           |sum<4>         |    7.600|
cin            |cout           |    8.135|
cin            |sum<0>         |    6.311|
cin            |sum<1>         |    6.580|
cin            |sum<2>         |    7.547|
cin            |sum<3>         |    8.344|
cin            |sum<4>         |    8.643|
---------------+---------------+---------+


Analysis completed Wed Mar 02 11:07:00 2022 
--------------------------------------------------------------------------------

Trace Settings:
-------------------------
Trace Settings 

Peak Memory Usage: 4486 MB



