Release 14.7 - xst P.20131013 (nt64)
Copyright (c) 1995-2013 Xilinx, Inc.  All rights reserved.
--> Parameter TMPDIR set to xst/projnav.tmp


Total REAL time to Xst completion: 0.00 secs
Total CPU time to Xst completion: 0.20 secs
 
--> Parameter xsthdpdir set to xst


Total REAL time to Xst completion: 0.00 secs
Total CPU time to Xst completion: 0.20 secs
 
--> Reading design: alu.prj

TABLE OF CONTENTS
  1) Synthesis Options Summary
  2) HDL Compilation
  3) Design Hierarchy Analysis
  4) HDL Analysis
  5) HDL Synthesis
     5.1) HDL Synthesis Report
  6) Advanced HDL Synthesis
     6.1) Advanced HDL Synthesis Report
  7) Low Level Synthesis
  8) Partition Report
  9) Final Report
	9.1) Device utilization summary
	9.2) Partition Resource Summary
	9.3) TIMING REPORT


=========================================================================
*                      Synthesis Options Summary                        *
=========================================================================
---- Source Parameters
Input File Name                    : "alu.prj"
Input Format                       : mixed
Ignore Synthesis Constraint File   : NO

---- Target Parameters
Output File Name                   : "alu"
Output Format                      : NGC
Target Device                      : xc3s100e-5-vq100

---- Source Options
Top Module Name                    : alu
Automatic FSM Extraction           : YES
FSM Encoding Algorithm             : Auto
Safe Implementation                : No
FSM Style                          : LUT
RAM Extraction                     : Yes
RAM Style                          : Auto
ROM Extraction                     : Yes
Mux Style                          : Auto
Decoder Extraction                 : YES
Priority Encoder Extraction        : Yes
Shift Register Extraction          : YES
Logical Shifter Extraction         : YES
XOR Collapsing                     : YES
ROM Style                          : Auto
Mux Extraction                     : Yes
Resource Sharing                   : YES
Asynchronous To Synchronous        : NO
Multiplier Style                   : Auto
Automatic Register Balancing       : No

---- Target Options
Add IO Buffers                     : YES
Global Maximum Fanout              : 100000
Add Generic Clock Buffer(BUFG)     : 24
Register Duplication               : YES
Slice Packing                      : YES
Optimize Instantiated Primitives   : NO
Use Clock Enable                   : Yes
Use Synchronous Set                : Yes
Use Synchronous Reset              : Yes
Pack IO Registers into IOBs        : Auto
Equivalent register Removal        : YES

---- General Options
Optimization Goal                  : Speed
Optimization Effort                : 1
Keep Hierarchy                     : No
Netlist Hierarchy                  : As_Optimized
RTL Output                         : Yes
Global Optimization                : AllClockNets
Read Cores                         : YES
Write Timing Constraints           : NO
Cross Clock Analysis               : NO
Hierarchy Separator                : /
Bus Delimiter                      : <>
Case Specifier                     : Maintain
Slice Utilization Ratio            : 100
BRAM Utilization Ratio             : 100
Verilog 2001                       : YES
Auto BRAM Packing                  : NO
Slice Utilization Ratio Delta      : 5

=========================================================================


=========================================================================
*                          HDL Compilation                              *
=========================================================================
Compiling verilog file "full_adder.v" in library work
Compiling verilog file "ripple_adder_8.v" in library work
Module <full_adder> compiled
Compiling verilog file "alu.v" in library work
Module <ripple_adder_8> compiled
Module <alu> compiled
No errors in compilation
Analysis of file <"alu.prj"> succeeded.
 

=========================================================================
*                     Design Hierarchy Analysis                         *
=========================================================================
Analyzing hierarchy for module <alu> in library <work>.

Analyzing hierarchy for module <ripple_adder_8> in library <work>.

Analyzing hierarchy for module <full_adder> in library <work>.


=========================================================================
*                            HDL Analysis                               *
=========================================================================
Analyzing top module <alu>.
Module <alu> is correct for synthesis.
 
Analyzing module <ripple_adder_8> in library <work>.
Module <ripple_adder_8> is correct for synthesis.
 
Analyzing module <full_adder> in library <work>.
Module <full_adder> is correct for synthesis.
 

=========================================================================
*                           HDL Synthesis                               *
=========================================================================

Performing bidirectional port resolution...

Synthesizing Unit <full_adder>.
    Related source file is "full_adder.v".
    Found 1-bit xor3 for signal <sum>.
    Summary:
	inferred   1 Xor(s).
Unit <full_adder> synthesized.


Synthesizing Unit <ripple_adder_8>.
    Related source file is "ripple_adder_8.v".
Unit <ripple_adder_8> synthesized.


Synthesizing Unit <alu>.
    Related source file is "alu.v".
    Found 8-bit 8-to-1 multiplexer for signal <result>.
    Found 1-bit xor2 for signal <ov$xor0000> created at line 34.
    Found 1-bit xor2 for signal <ov$xor0001> created at line 33.
    Found 1-bit xor2 for signal <ov$xor0002> created at line 39.
    Found 8-bit xor2 for signal <result$xor0000> created at line 54.
    Summary:
	inferred   8 Multiplexer(s).
Unit <alu> synthesized.


=========================================================================
HDL Synthesis Report

Macro Statistics
# Multiplexers                                         : 1
 8-bit 8-to-1 multiplexer                              : 1
# Xors                                                 : 20
 1-bit xor2                                            : 3
 1-bit xor3                                            : 16
 8-bit xor2                                            : 1

=========================================================================

=========================================================================
*                       Advanced HDL Synthesis                          *
=========================================================================


=========================================================================
Advanced HDL Synthesis Report

Macro Statistics
# Multiplexers                                         : 1
 8-bit 8-to-1 multiplexer                              : 1
# Xors                                                 : 20
 1-bit xor2                                            : 3
 1-bit xor3                                            : 16
 8-bit xor2                                            : 1

=========================================================================

=========================================================================
*                         Low Level Synthesis                           *
=========================================================================

Optimizing unit <alu> ...

Optimizing unit <ripple_adder_8> ...

Mapping all equations...
Building and optimizing final netlist ...
Found area constraint ratio of 100 (+ 5) on block alu, actual ratio is 5.

Final Macro Processing ...

=========================================================================
Final Register Report

Found no macro
=========================================================================

=========================================================================
*                           Partition Report                            *
=========================================================================

Partition Implementation Status
-------------------------------

  No Partitions were found in this design.

-------------------------------

=========================================================================
*                            Final Report                               *
=========================================================================
Final Results
RTL Top Level Output File Name     : alu.ngr
Top Level Output File Name         : alu
Output Format                      : NGC
Optimization Goal                  : Speed
Keep Hierarchy                     : No

Design Statistics
# IOs                              : 30

Cell Usage :
# BELS                             : 84
#      LUT2                        : 5
#      LUT3                        : 34
#      LUT4                        : 18
#      MUXF5                       : 19
#      MUXF6                       : 8
# IO Buffers                       : 30
#      IBUF                        : 19
#      OBUF                        : 11
=========================================================================

Device utilization summary:
---------------------------

Selected Device : 3s100evq100-5 

 Number of Slices:                       30  out of    960     3%  
 Number of 4 input LUTs:                 57  out of   1920     2%  
 Number of IOs:                          30
 Number of bonded IOBs:                  30  out of     66    45%  

---------------------------
Partition Resource Summary:
---------------------------

  No Partitions were found in this design.

---------------------------


=========================================================================
TIMING REPORT

NOTE: THESE TIMING NUMBERS ARE ONLY A SYNTHESIS ESTIMATE.
      FOR ACCURATE TIMING INFORMATION PLEASE REFER TO THE TRACE REPORT
      GENERATED AFTER PLACE-and-ROUTE.

Clock Information:
------------------
No clock signals found in this design

Asynchronous Control Signals Information:
----------------------------------------
No asynchronous control signals found in this design

Timing Summary:
---------------
Speed Grade: -5

   Minimum period: No path found
   Minimum input arrival time before clock: No path found
   Maximum output required time after clock: No path found
   Maximum combinational path delay: 14.704ns

Timing Detail:
--------------
All values displayed in nanoseconds (ns)

=========================================================================
Timing constraint: Default path analysis
  Total number of paths / destination ports: 310 / 11
-------------------------------------------------------------------------
Delay:               14.704ns (Levels of Logic = 13)
  Source:            a<0> (PAD)
  Destination:       ov (PAD)

  Data Path: a<0> to ov
                                Gate     Net
    Cell:in->out      fanout   Delay   Delay  Logical Name (Net Name)
    ----------------------------------------  ------------
     IBUF:I->O            10   1.106   0.902  a_0_IBUF (a_0_IBUF)
     LUT4:I0->O            3   0.612   0.520  ra8/FA2/cout1 (ra8/c2)
     LUT3:I1->O            2   0.612   0.449  ra8/FA3/cout1 (ra8/c3)
     LUT3:I1->O            2   0.612   0.449  ra8/FA4/cout1 (ra8/c4)
     LUT3:I1->O            2   0.612   0.449  ra8/FA5/cout1 (ra8/c5)
     LUT3:I1->O            2   0.612   0.410  ra8/FA6/cout1 (ra8/c6)
     LUT4:I2->O            1   0.612   0.387  Mmux_result_67_SW0 (N4)
     LUT4:I2->O            1   0.612   0.000  Mmux_result_67 (Mmux_result_67)
     MUXF5:I0->O           1   0.278   0.000  Mmux_result_4_f5_6 (Mmux_result_4_f57)
     MUXF6:I0->O           3   0.451   0.603  Mmux_result_2_f6_6 (result_7_OBUF)
     LUT4:I0->O            1   0.612   0.000  ov2 (ov2)
     MUXF5:I0->O           1   0.278   0.357  ov_f5 (ov_OBUF)
     OBUF:I->O                 3.169          ov_OBUF (ov)
    ----------------------------------------
    Total                     14.704ns (10.178ns logic, 4.526ns route)
                                       (69.2% logic, 30.8% route)

=========================================================================


Total REAL time to Xst completion: 4.00 secs
Total CPU time to Xst completion: 3.74 secs
 
--> 

Total memory usage is 4514204 kilobytes

Number of errors   :    0 (   0 filtered)
Number of warnings :    3 (   0 filtered)
Number of infos    :    0 (   0 filtered)

