Running: C:\Xilinx\14.7\ISE_DS\ISE\bin\nt64\unwrapped\fuse.exe -intstyle ise -incremental -lib unisims_ver -lib unimacro_ver -lib xilinxcorelib_ver -o D:/university/term4/06_digital_design_and_computer_architecture_lab/exe/project02/alu_8_bit/alu_isim_beh.exe -prj D:/university/term4/06_digital_design_and_computer_architecture_lab/exe/project02/alu_8_bit/alu_beh.prj work.alu work.glbl 
ISim P.20131013 (signature 0x7708f090)
Number of CPUs detected in this system: 8
Turning on mult-threading, number of parallel sub-compilation jobs: 16 
Determining compilation order of HDL files
Analyzing Verilog file "D:/university/term4/06_digital_design_and_computer_architecture_lab/exe/project02/alu_8_bit/full_adder.v" into library work
Analyzing Verilog file "D:/university/term4/06_digital_design_and_computer_architecture_lab/exe/project02/alu_8_bit/ripple_adder_8.v" into library work
Analyzing Verilog file "D:/university/term4/06_digital_design_and_computer_architecture_lab/exe/project02/alu_8_bit/alu.v" into library work
Analyzing Verilog file "C:/Xilinx/14.7/ISE_DS/ISE//verilog/src/glbl.v" into library work
Starting static elaboration
WARNING:HDLCompiler:189 - "D:/university/term4/06_digital_design_and_computer_architecture_lab/exe/project02/alu_8_bit/alu.v" Line 61: Size mismatch in connection of port <cin>. Formal port size is 1-bit while actual signal size is 32-bit.
WARNING:HDLCompiler:189 - "D:/university/term4/06_digital_design_and_computer_architecture_lab/exe/project02/alu_8_bit/alu.v" Line 62: Size mismatch in connection of port <b>. Formal port size is 8-bit while actual signal size is 32-bit.
Completed static elaboration
Compiling module full_adder
Compiling module ripple_adder_8
Compiling module alu
Compiling module glbl
Time Resolution for simulation is 1ps.
WARNING:Simulator - Unable to copy libPortabilityNOSH.dll to the simulation executable directory: boost::filesystem::copy_file: The system cannot find the path specified, "isim\alu_isim_beh.exe.sim\libPortability.dll".
Compiled 4 Verilog Units
Built simulation executable D:/university/term4/06_digital_design_and_computer_architecture_lab/exe/project02/alu_8_bit/alu_isim_beh.exe
Fuse Memory Usage: 27640 KB
Fuse CPU Usage: 359 ms
