--------------------------------------------------------------------------------
Release 14.7 Trace  (nt64)
Copyright (c) 1995-2013 Xilinx, Inc.  All rights reserved.

C:\Xilinx\14.7\ISE_DS\ISE\bin\nt64\unwrapped\trce.exe -intstyle ise -v 3 -s 5
-n 3 -fastpaths -xml ripple_adder_5_bit.twx ripple_adder_5_bit.ncd -o
ripple_adder_5_bit.twr ripple_adder_5_bit.pcf

Design file:              ripple_adder_5_bit.ncd
Physical constraint file: ripple_adder_5_bit.pcf
Device,package,speed:     xc3s100e,vq100,-5 (PRODUCTION 1.27 2013-10-13)
Report level:             verbose report

Environment Variable      Effect 
--------------------      ------ 
NONE                      No environment variables were set
--------------------------------------------------------------------------------

INFO:Timing:2698 - No timing constraints found, doing default enumeration.
INFO:Timing:3412 - To improve timing, see the Timing Closure User Guide (UG612).
INFO:Timing:2752 - To get complete path coverage, use the unconstrained paths 
   option. All paths that are not constrained will be reported in the 
   unconstrained paths section(s) of the report.
INFO:Timing:3339 - The clock-to-out numbers in this timing report are based on 
   a 50 Ohm transmission line loading model.  For the details of this model, 
   and for more information on accounting for different loading conditions, 
   please see the device datasheet.
INFO:Timing:3390 - This architecture does not support a default System Jitter 
   value, please add SYSTEM_JITTER constraint to the UCF to modify the Clock 
   Uncertainty calculation.
INFO:Timing:3389 - This architecture does not support 'Discrete Jitter' and 
   'Phase Error' calculations, these terms will be zero in the Clock 
   Uncertainty calculation.  Please make appropriate modification to 
   SYSTEM_JITTER to account for the unsupported Discrete Jitter and Phase 
   Error.



Data Sheet report:
-----------------
All values displayed in nanoseconds (ns)

Pad to Pad
---------------+---------------+---------+
Source Pad     |Destination Pad|  Delay  |
---------------+---------------+---------+
a<0>           |cout           |    9.270|
a<0>           |sum<0>         |    6.818|
a<0>           |sum<1>         |    7.151|
a<0>           |sum<2>         |    8.154|
a<0>           |sum<3>         |    9.057|
a<0>           |sum<4>         |   10.065|
a<1>           |cout           |    8.540|
a<1>           |sum<1>         |    6.558|
a<1>           |sum<2>         |    7.424|
a<1>           |sum<3>         |    8.327|
a<1>           |sum<4>         |    9.335|
a<2>           |cout           |    7.580|
a<2>           |sum<2>         |    6.299|
a<2>           |sum<3>         |    7.367|
a<2>           |sum<4>         |    8.375|
a<3>           |cout           |    6.444|
a<3>           |sum<3>         |    6.231|
a<3>           |sum<4>         |    7.239|
a<4>           |cout           |    5.763|
a<4>           |sum<4>         |    6.662|
b<0>           |cout           |    8.785|
b<0>           |sum<0>         |    5.991|
b<0>           |sum<1>         |    6.666|
b<0>           |sum<2>         |    7.669|
b<0>           |sum<3>         |    8.572|
b<0>           |sum<4>         |    9.580|
b<1>           |cout           |    8.073|
b<1>           |sum<1>         |    5.943|
b<1>           |sum<2>         |    6.957|
b<1>           |sum<3>         |    7.860|
b<1>           |sum<4>         |    8.868|
b<2>           |cout           |    7.537|
b<2>           |sum<2>         |    6.317|
b<2>           |sum<3>         |    7.324|
b<2>           |sum<4>         |    8.332|
b<3>           |cout           |    6.308|
b<3>           |sum<3>         |    6.095|
b<3>           |sum<4>         |    7.103|
b<4>           |cout           |    5.735|
b<4>           |sum<4>         |    6.469|
cin            |cout           |    9.150|
cin            |sum<0>         |    6.098|
cin            |sum<1>         |    7.031|
cin            |sum<2>         |    8.034|
cin            |sum<3>         |    8.937|
cin            |sum<4>         |    9.945|
---------------+---------------+---------+


Analysis completed Wed Mar 02 10:59:00 2022 
--------------------------------------------------------------------------------

Trace Settings:
-------------------------
Trace Settings 

Peak Memory Usage: 4486 MB



