Release 14.7 - xst P.20131013 (nt64)
Copyright (c) 1995-2013 Xilinx, Inc.  All rights reserved.
--> Parameter TMPDIR set to xst/projnav.tmp


Total REAL time to Xst completion: 0.00 secs
Total CPU time to Xst completion: 0.28 secs
 
--> Parameter xsthdpdir set to xst


Total REAL time to Xst completion: 0.00 secs
Total CPU time to Xst completion: 0.28 secs
 
--> Reading design: multiplier.prj

TABLE OF CONTENTS
  1) Synthesis Options Summary
  2) HDL Compilation
  3) Design Hierarchy Analysis
  4) HDL Analysis
  5) HDL Synthesis
     5.1) HDL Synthesis Report
  6) Advanced HDL Synthesis
     6.1) Advanced HDL Synthesis Report
  7) Low Level Synthesis
  8) Partition Report
  9) Final Report
	9.1) Device utilization summary
	9.2) Partition Resource Summary
	9.3) TIMING REPORT


=========================================================================
*                      Synthesis Options Summary                        *
=========================================================================
---- Source Parameters
Input File Name                    : "multiplier.prj"
Input Format                       : mixed
Ignore Synthesis Constraint File   : NO

---- Target Parameters
Output File Name                   : "multiplier"
Output Format                      : NGC
Target Device                      : xc3s100e-5-vq100

---- Source Options
Top Module Name                    : multiplier
Automatic FSM Extraction           : YES
FSM Encoding Algorithm             : Auto
Safe Implementation                : No
FSM Style                          : LUT
RAM Extraction                     : Yes
RAM Style                          : Auto
ROM Extraction                     : Yes
Mux Style                          : Auto
Decoder Extraction                 : YES
Priority Encoder Extraction        : Yes
Shift Register Extraction          : YES
Logical Shifter Extraction         : YES
XOR Collapsing                     : YES
ROM Style                          : Auto
Mux Extraction                     : Yes
Resource Sharing                   : YES
Asynchronous To Synchronous        : NO
Multiplier Style                   : Auto
Automatic Register Balancing       : No

---- Target Options
Add IO Buffers                     : YES
Global Maximum Fanout              : 100000
Add Generic Clock Buffer(BUFG)     : 24
Register Duplication               : YES
Slice Packing                      : YES
Optimize Instantiated Primitives   : NO
Use Clock Enable                   : Yes
Use Synchronous Set                : Yes
Use Synchronous Reset              : Yes
Pack IO Registers into IOBs        : Auto
Equivalent register Removal        : YES

---- General Options
Optimization Goal                  : Speed
Optimization Effort                : 1
Keep Hierarchy                     : No
Netlist Hierarchy                  : As_Optimized
RTL Output                         : Yes
Global Optimization                : AllClockNets
Read Cores                         : YES
Write Timing Constraints           : NO
Cross Clock Analysis               : NO
Hierarchy Separator                : /
Bus Delimiter                      : <>
Case Specifier                     : Maintain
Slice Utilization Ratio            : 100
BRAM Utilization Ratio             : 100
Verilog 2001                       : YES
Auto BRAM Packing                  : NO
Slice Utilization Ratio Delta      : 5

=========================================================================


=========================================================================
*                          HDL Compilation                              *
=========================================================================
Compiling verilog file "multiplier.v" in library work
Module <multiplier> compiled
No errors in compilation
Analysis of file <"multiplier.prj"> succeeded.
 

=========================================================================
*                     Design Hierarchy Analysis                         *
=========================================================================
Analyzing hierarchy for module <multiplier> in library <work> with parameters.
	N = "00000000000000000000000000001000"


=========================================================================
*                            HDL Analysis                               *
=========================================================================
Analyzing top module <multiplier>.
	N = 32'sb00000000000000000000000000001000
Module <multiplier> is correct for synthesis.
 

=========================================================================
*                           HDL Synthesis                               *
=========================================================================

Performing bidirectional port resolution...

Synthesizing Unit <multiplier>.
    Related source file is "multiplier.v".
    Found 16-bit register for signal <out>.
    Found 8-bit up counter for signal <counter>.
    Found 1-bit register for signal <initialValue>.
    Found 8-bit comparator less for signal <initialValue$cmp_gt0000> created at line 19.
    Found 16-bit register for signal <multiplicand>.
    Found 8-bit register for signal <multiplier>.
    Found 16-bit up accumulator for signal <result>.
    Found 8-bit comparator greatequal for signal <result$cmp_le0000> created at line 19.
    Summary:
	inferred   1 Counter(s).
	inferred   1 Accumulator(s).
	inferred  41 D-type flip-flop(s).
	inferred   2 Comparator(s).
Unit <multiplier> synthesized.


=========================================================================
HDL Synthesis Report

Macro Statistics
# Counters                                             : 1
 8-bit up counter                                      : 1
# Accumulators                                         : 1
 16-bit up accumulator                                 : 1
# Registers                                            : 4
 1-bit register                                        : 1
 16-bit register                                       : 2
 8-bit register                                        : 1
# Comparators                                          : 2
 8-bit comparator greatequal                           : 1
 8-bit comparator less                                 : 1

=========================================================================

=========================================================================
*                       Advanced HDL Synthesis                          *
=========================================================================


=========================================================================
Advanced HDL Synthesis Report

Macro Statistics
# Counters                                             : 1
 8-bit up counter                                      : 1
# Accumulators                                         : 1
 16-bit up accumulator                                 : 1
# Registers                                            : 41
 Flip-Flops                                            : 41
# Comparators                                          : 2
 8-bit comparator greatequal                           : 1
 8-bit comparator less                                 : 1

=========================================================================

=========================================================================
*                         Low Level Synthesis                           *
=========================================================================

Optimizing unit <multiplier> ...

Mapping all equations...
Building and optimizing final netlist ...
Found area constraint ratio of 100 (+ 5) on block multiplier, actual ratio is 3.

Final Macro Processing ...

=========================================================================
Final Register Report

Macro Statistics
# Registers                                            : 65
 Flip-Flops                                            : 65

=========================================================================

=========================================================================
*                           Partition Report                            *
=========================================================================

Partition Implementation Status
-------------------------------

  No Partitions were found in this design.

-------------------------------

=========================================================================
*                            Final Report                               *
=========================================================================
Final Results
RTL Top Level Output File Name     : multiplier.ngr
Top Level Output File Name         : multiplier
Output Format                      : NGC
Optimization Goal                  : Speed
Keep Hierarchy                     : No

Design Statistics
# IOs                              : 34

Cell Usage :
# BELS                             : 110
#      GND                         : 1
#      INV                         : 3
#      LUT1                        : 7
#      LUT2                        : 28
#      LUT2_L                      : 1
#      LUT3                        : 14
#      LUT3_L                      : 3
#      LUT4                        : 5
#      LUT4_L                      : 1
#      MUXCY                       : 22
#      VCC                         : 1
#      XORCY                       : 24
# FlipFlops/Latches                : 65
#      FDE                         : 24
#      FDRE                        : 40
#      FDRSE                       : 1
# Clock Buffers                    : 1
#      BUFGP                       : 1
# IO Buffers                       : 33
#      IBUF                        : 17
#      OBUF                        : 16
=========================================================================

Device utilization summary:
---------------------------

Selected Device : 3s100evq100-5 

 Number of Slices:                       41  out of    960     4%  
 Number of Slice Flip Flops:             65  out of   1920     3%  
 Number of 4 input LUTs:                 62  out of   1920     3%  
 Number of IOs:                          34
 Number of bonded IOBs:                  34  out of     66    51%  
 Number of GCLKs:                         1  out of     24     4%  

---------------------------
Partition Resource Summary:
---------------------------

  No Partitions were found in this design.

---------------------------


=========================================================================
TIMING REPORT

NOTE: THESE TIMING NUMBERS ARE ONLY A SYNTHESIS ESTIMATE.
      FOR ACCURATE TIMING INFORMATION PLEASE REFER TO THE TRACE REPORT
      GENERATED AFTER PLACE-and-ROUTE.

Clock Information:
------------------
-----------------------------------+------------------------+-------+
Clock Signal                       | Clock buffer(FF name)  | Load  |
-----------------------------------+------------------------+-------+
clk                                | BUFGP                  | 65    |
-----------------------------------+------------------------+-------+

Asynchronous Control Signals Information:
----------------------------------------
No asynchronous control signals found in this design

Timing Summary:
---------------
Speed Grade: -5

   Minimum period: 4.109ns (Maximum Frequency: 243.377MHz)
   Minimum input arrival time before clock: 4.249ns
   Maximum output required time after clock: 4.040ns
   Maximum combinational path delay: No path found

Timing Detail:
--------------
All values displayed in nanoseconds (ns)

=========================================================================
Timing constraint: Default period analysis for Clock 'clk'
  Clock period: 4.109ns (frequency: 243.377MHz)
  Total number of paths / destination ports: 896 / 154
-------------------------------------------------------------------------
Delay:               4.109ns (Levels of Logic = 2)
  Source:            counter_4 (FF)
  Destination:       multiplicand_0 (FF)
  Source Clock:      clk rising
  Destination Clock: clk rising

  Data Path: counter_4 to multiplicand_0
                                Gate     Net
    Cell:in->out      fanout   Delay   Delay  Logical Name (Net Name)
    ----------------------------------------  ------------
     FDRE:C->Q             6   0.514   0.721  counter_4 (counter_4)
     LUT4_L:I0->LO         1   0.612   0.103  multiplicand_not00011_SW0 (N17)
     LUT4:I3->O           24   0.612   1.064  multiplicand_not00011 (multiplicand_not0001)
     FDE:CE                    0.483          multiplicand_0
    ----------------------------------------
    Total                      4.109ns (2.221ns logic, 1.888ns route)
                                       (54.1% logic, 45.9% route)

=========================================================================
Timing constraint: Default OFFSET IN BEFORE for Clock 'clk'
  Total number of paths / destination ports: 89 / 89
-------------------------------------------------------------------------
Offset:              4.249ns (Levels of Logic = 3)
  Source:            start (PAD)
  Destination:       counter_0 (FF)
  Destination Clock: clk rising

  Data Path: start to counter_0
                                Gate     Net
    Cell:in->out      fanout   Delay   Delay  Logical Name (Net Name)
    ----------------------------------------  ------------
     IBUF:I->O             5   1.106   0.690  start_IBUF (start_IBUF)
     LUT3_L:I0->LO         1   0.612   0.103  counter_not00011_SW0 (N15)
     LUT4:I3->O            8   0.612   0.643  counter_not00011 (counter_not0001)
     FDRE:CE                   0.483          counter_0
    ----------------------------------------
    Total                      4.249ns (2.813ns logic, 1.437ns route)
                                       (66.2% logic, 33.8% route)

=========================================================================
Timing constraint: Default OFFSET OUT AFTER for Clock 'clk'
  Total number of paths / destination ports: 16 / 16
-------------------------------------------------------------------------
Offset:              4.040ns (Levels of Logic = 1)
  Source:            out_15 (FF)
  Destination:       out<15> (PAD)
  Source Clock:      clk rising

  Data Path: out_15 to out<15>
                                Gate     Net
    Cell:in->out      fanout   Delay   Delay  Logical Name (Net Name)
    ----------------------------------------  ------------
     FDRE:C->Q             1   0.514   0.357  out_15 (out_15)
     OBUF:I->O                 3.169          out_15_OBUF (out<15>)
    ----------------------------------------
    Total                      4.040ns (3.683ns logic, 0.357ns route)
                                       (91.2% logic, 8.8% route)

=========================================================================


Total REAL time to Xst completion: 6.00 secs
Total CPU time to Xst completion: 5.36 secs
 
--> 

Total memory usage is 4497396 kilobytes

Number of errors   :    0 (   0 filtered)
Number of warnings :    0 (   0 filtered)
Number of infos    :    0 (   0 filtered)

